<?xml version="1.0" encoding="UTF-8"?>
<!-- Generated by org.testng.reporters.JUnitXMLReporter -->
<testsuite hostname="USER-PC" name="Default test" tests="4" failures="0" timestamp="19 Sep 2019 17:47:42 GMT" time="125.619" errors="0">
  <testcase name="loginCRM" time="10.206" classname="TestCases.LoginTest"/>
  <testcase name="loginCRM" time="8.712" classname="TestCases.LoginTest"/>
  <testcase name="loginCRM1" time="9.663" classname="TestCases.LoginTest"/>
  <testcase name="loginCRM2" time="9.305" classname="TestCases.LoginTest"/>
</testsuite> <!-- Default test -->
